<?xml version="1.0" encoding="UTF-8"?>
<!-- Generated by org.testng.reporters.JUnitReportReporter -->
<testsuite hostname="DESKTOP-U778K4P" failures="0" tests="1" name="June16.Property_File" time="7.374" errors="0" timestamp="2023-07-13T13:19:23 IST" skipped="0">
  <testcase classname="June16.Property_File" name="startTest" time="7.374"/>
</testsuite> <!-- June16.Property_File -->
